02:16:57.149 [main] INFO  org.testng.internal.Utils - [TestNG] Running:
  D:\Selenium_Automation_Framework_pwansir\SeleniumFrameworkWithJava\grouping.xml

02:16:59.781 [main] INFO  testCases.TC001_AccountRegistrationTest - ************ Starting TC001_AccountRegistrationTest ************
02:16:59.971 [main] INFO  testCases.TC001_AccountRegistrationTest - clicked on MyAccount Link
02:17:00.304 [main] INFO  testCases.TC001_AccountRegistrationTest - clicked on Register Link
02:17:00.308 [main] INFO  testCases.TC001_AccountRegistrationTest - Providing customer details....
02:17:00.744 [main] INFO  testCases.TC001_AccountRegistrationTest - Validting expected message... 
02:17:01.194 [main] INFO  testCases.TC001_AccountRegistrationTest - ************ Finished TC001_AccountRegistrationTest ************
02:17:07.079 [main] INFO  testCases.TC002_LoginTest - ************Statting TC_002_logintest Case******
02:19:16.910 [main] DEBUG org.testng.TestNG - suiteXmlPath: "D:\Selenium_Automation_Framework_pwansir\SeleniumFrameworkWithJava\grouping.xml"
02:19:17.302 [main] INFO  org.testng.internal.Utils - [TestNG] Running:
  D:\Selenium_Automation_Framework_pwansir\SeleniumFrameworkWithJava\grouping.xml

02:19:19.996 [main] INFO  testCases.TC001_AccountRegistrationTest - ************ Starting TC001_AccountRegistrationTest ************
02:19:20.156 [main] INFO  testCases.TC001_AccountRegistrationTest - clicked on MyAccount Link
02:19:20.523 [main] INFO  testCases.TC001_AccountRegistrationTest - clicked on Register Link
02:19:20.526 [main] INFO  testCases.TC001_AccountRegistrationTest - Providing customer details....
02:19:20.989 [main] INFO  testCases.TC001_AccountRegistrationTest - Validting expected message... 
02:19:21.446 [main] INFO  testCases.TC001_AccountRegistrationTest - ************ Finished TC001_AccountRegistrationTest ************
02:19:27.339 [main] INFO  testCases.TC002_LoginTest - ************Statting TC_002_logintest Case******
02:19:31.162 [main] INFO  testCases.TC002_LoginTest - ************Finished TC_002_logintest Case******
02:20:34.234 [main] DEBUG org.testng.TestNG - suiteXmlPath: "D:\Selenium_Automation_Framework_pwansir\SeleniumFrameworkWithJava\grouping.xml"
02:20:34.621 [main] INFO  org.testng.internal.Utils - [TestNG] Running:
  D:\Selenium_Automation_Framework_pwansir\SeleniumFrameworkWithJava\grouping.xml

02:20:37.330 [main] INFO  testCases.TC001_AccountRegistrationTest - ************ Starting TC001_AccountRegistrationTest ************
02:20:37.515 [main] INFO  testCases.TC001_AccountRegistrationTest - clicked on MyAccount Link
02:20:37.838 [main] INFO  testCases.TC001_AccountRegistrationTest - clicked on Register Link
02:20:37.840 [main] INFO  testCases.TC001_AccountRegistrationTest - Providing customer details....
02:20:38.293 [main] INFO  testCases.TC001_AccountRegistrationTest - Validting expected message... 
02:20:38.755 [main] INFO  testCases.TC001_AccountRegistrationTest - ************ Finished TC001_AccountRegistrationTest ************
02:20:44.454 [main] INFO  testCases.TC002_LoginTest - ************Statting TC_002_logintest Case******
02:20:48.313 [main] INFO  testCases.TC002_LoginTest - ************Finished TC_002_logintest Case******
02:23:28.953 [main] DEBUG org.testng.TestNG - suiteXmlPath: "D:\Selenium_Automation_Framework_pwansir\SeleniumFrameworkWithJava\grouping.xml"
02:23:29.336 [main] INFO  org.testng.internal.Utils - [TestNG] Running:
  D:\Selenium_Automation_Framework_pwansir\SeleniumFrameworkWithJava\grouping.xml

02:23:32.191 [main] INFO  testCases.TC001_AccountRegistrationTest - ************ Starting TC001_AccountRegistrationTest ************
02:23:32.372 [main] INFO  testCases.TC001_AccountRegistrationTest - clicked on MyAccount Link
02:23:32.721 [main] INFO  testCases.TC001_AccountRegistrationTest - clicked on Register Link
02:23:32.723 [main] INFO  testCases.TC001_AccountRegistrationTest - Providing customer details....
02:23:33.180 [main] INFO  testCases.TC001_AccountRegistrationTest - Validting expected message... 
02:23:33.643 [main] INFO  testCases.TC001_AccountRegistrationTest - ************ Finished TC001_AccountRegistrationTest ************
02:23:40.328 [main] INFO  testCases.TC002_LoginTest - ************Statting TC_002_logintest Case******
02:42:11.887 [main] DEBUG org.testng.TestNG - suiteXmlPath: "D:\Selenium_Automation_Framework_pwansir\SeleniumFrameworkWithJava\test-output\testng-failed.xml"
02:42:12.255 [main] INFO  org.testng.internal.Utils - [TestNG] Running:
  D:\Selenium_Automation_Framework_pwansir\SeleniumFrameworkWithJava\test-output\testng-failed.xml

02:42:14.963 [main] INFO  testCases.TC002_LoginTest - ************Statting TC_002_logintest Case******
02:42:18.804 [main] INFO  testCases.TC002_LoginTest - ************Finished TC_002_logintest Case******
01:36:39.533 [main] DEBUG org.testng.TestNG - suiteXmlPath: "D:\Selenium_Automation_Framework_pwansir\SeleniumFrameworkWithJava\testng.xml"
01:36:40.012 [main] INFO  org.testng.internal.Utils - [TestNG] Running:
  D:\Selenium_Automation_Framework_pwansir\SeleniumFrameworkWithJava\testng.xml

01:36:48.820 [main] INFO  testCases.TC001_AccountRegistrationTest - ************ Starting TC001_AccountRegistrationTest ************
01:36:49.000 [main] INFO  testCases.TC001_AccountRegistrationTest - clicked on MyAccount Link
01:36:49.636 [main] INFO  testCases.TC001_AccountRegistrationTest - clicked on Register Link
01:36:49.639 [main] INFO  testCases.TC001_AccountRegistrationTest - Providing customer details....
01:36:50.198 [main] INFO  testCases.TC001_AccountRegistrationTest - Validting expected message... 
01:36:50.919 [main] INFO  testCases.TC001_AccountRegistrationTest - ************ Finished TC001_AccountRegistrationTest ************
01:36:56.836 [main] INFO  testCases.TC002_LoginTest - ************Statting TC_002_logintest Case******
01:37:00.751 [main] INFO  testCases.TC002_LoginTest - ************Finished TC_002_logintest Case******
01:38:22.071 [main] DEBUG org.testng.TestNG - suiteXmlPath: "D:\Selenium_Automation_Framework_pwansir\SeleniumFrameworkWithJava\testng.xml"
01:38:22.440 [main] INFO  org.testng.internal.Utils - [TestNG] Running:
  D:\Selenium_Automation_Framework_pwansir\SeleniumFrameworkWithJava\testng.xml

01:38:25.631 [main] INFO  testCases.TC001_AccountRegistrationTest - ************ Starting TC001_AccountRegistrationTest ************
01:38:25.831 [main] INFO  testCases.TC001_AccountRegistrationTest - clicked on MyAccount Link
01:38:26.252 [main] INFO  testCases.TC001_AccountRegistrationTest - clicked on Register Link
01:38:26.254 [main] INFO  testCases.TC001_AccountRegistrationTest - Providing customer details....
01:38:26.754 [main] INFO  testCases.TC001_AccountRegistrationTest - Validting expected message... 
01:38:27.235 [main] INFO  testCases.TC001_AccountRegistrationTest - ************ Finished TC001_AccountRegistrationTest ************
01:38:33.022 [main] INFO  testCases.TC002_LoginTest - ************Statting TC_002_logintest Case******
01:38:36.864 [main] INFO  testCases.TC002_LoginTest - ************Finished TC_002_logintest Case******
01:39:11.946 [main] DEBUG org.testng.TestNG - suiteXmlPath: "D:\Selenium_Automation_Framework_pwansir\SeleniumFrameworkWithJava\testng.xml"
01:39:12.336 [main] INFO  org.testng.internal.Utils - [TestNG] Running:
  D:\Selenium_Automation_Framework_pwansir\SeleniumFrameworkWithJava\testng.xml

01:39:15.285 [main] INFO  testCases.TC001_AccountRegistrationTest - ************ Starting TC001_AccountRegistrationTest ************
01:39:15.499 [main] INFO  testCases.TC001_AccountRegistrationTest - clicked on MyAccount Link
01:39:15.856 [main] INFO  testCases.TC001_AccountRegistrationTest - clicked on Register Link
01:39:15.858 [main] INFO  testCases.TC001_AccountRegistrationTest - Providing customer details....
01:39:16.375 [main] INFO  testCases.TC001_AccountRegistrationTest - Validting expected message... 
01:39:16.876 [main] INFO  testCases.TC001_AccountRegistrationTest - ************ Finished TC001_AccountRegistrationTest ************
01:39:22.593 [main] INFO  testCases.TC002_LoginTest - ************Statting TC_002_logintest Case******
01:39:26.430 [main] INFO  testCases.TC002_LoginTest - ************Finished TC_002_logintest Case******
01:40:50.262 [main] DEBUG org.testng.TestNG - suiteXmlPath: "D:\Selenium_Automation_Framework_pwansir\SeleniumFrameworkWithJava\crosswordbrowsertesting.xml"
01:40:50.685 [main] INFO  org.testng.internal.Utils - [TestNG] Running:
  D:\Selenium_Automation_Framework_pwansir\SeleniumFrameworkWithJava\crosswordbrowsertesting.xml

01:40:53.394 [TestNG-tests-1] INFO  testCases.TC001_AccountRegistrationTest - ************ Starting TC001_AccountRegistrationTest ************
01:40:53.570 [TestNG-tests-1] INFO  testCases.TC001_AccountRegistrationTest - clicked on MyAccount Link
01:40:53.910 [TestNG-tests-1] INFO  testCases.TC001_AccountRegistrationTest - clicked on Register Link
01:40:53.913 [TestNG-tests-1] INFO  testCases.TC001_AccountRegistrationTest - Providing customer details....
01:40:54.402 [TestNG-tests-1] INFO  testCases.TC001_AccountRegistrationTest - Validting expected message... 
01:40:54.925 [TestNG-tests-1] INFO  testCases.TC001_AccountRegistrationTest - ************ Finished TC001_AccountRegistrationTest ************
01:42:07.630 [main] DEBUG org.testng.TestNG - suiteXmlPath: "D:\Selenium_Automation_Framework_pwansir\SeleniumFrameworkWithJava\crosswordbrowsertesting.xml"
01:42:07.999 [main] INFO  org.testng.internal.Utils - [TestNG] Running:
  D:\Selenium_Automation_Framework_pwansir\SeleniumFrameworkWithJava\crosswordbrowsertesting.xml

01:42:10.570 [TestNG-tests-1] INFO  testCases.TC001_AccountRegistrationTest - ************ Starting TC001_AccountRegistrationTest ************
01:42:10.693 [TestNG-tests-1] INFO  testCases.TC001_AccountRegistrationTest - clicked on MyAccount Link
01:42:11.067 [TestNG-tests-1] INFO  testCases.TC001_AccountRegistrationTest - clicked on Register Link
01:42:11.069 [TestNG-tests-1] INFO  testCases.TC001_AccountRegistrationTest - Providing customer details....
01:42:11.542 [TestNG-tests-1] INFO  testCases.TC001_AccountRegistrationTest - Validting expected message... 
01:42:12.004 [TestNG-tests-1] INFO  testCases.TC001_AccountRegistrationTest - ************ Finished TC001_AccountRegistrationTest ************
01:42:15.045 [TestNG-tests-2] INFO  testCases.TC001_AccountRegistrationTest - ************ Starting TC001_AccountRegistrationTest ************
01:43:32.516 [main] DEBUG org.testng.TestNG - suiteXmlPath: "D:\Selenium_Automation_Framework_pwansir\SeleniumFrameworkWithJava\crosswordbrowsertesting.xml"
01:43:32.870 [main] INFO  org.testng.internal.Utils - [TestNG] Running:
  D:\Selenium_Automation_Framework_pwansir\SeleniumFrameworkWithJava\crosswordbrowsertesting.xml

01:43:36.279 [TestNG-tests-1] INFO  testCases.TC001_AccountRegistrationTest - ************ Starting TC001_AccountRegistrationTest ************
01:43:36.278 [TestNG-tests-2] INFO  testCases.TC001_AccountRegistrationTest - ************ Starting TC001_AccountRegistrationTest ************
01:43:36.479 [TestNG-tests-2] INFO  testCases.TC001_AccountRegistrationTest - clicked on MyAccount Link
01:43:36.540 [TestNG-tests-1] INFO  testCases.TC001_AccountRegistrationTest - clicked on MyAccount Link
01:44:13.968 [TestNG-tests-1] INFO  testCases.TC001_AccountRegistrationTest - clicked on Register Link
01:44:13.970 [TestNG-tests-1] INFO  testCases.TC001_AccountRegistrationTest - Providing customer details....
01:44:40.643 [main] DEBUG org.testng.TestNG - suiteXmlPath: "D:\Selenium_Automation_Framework_pwansir\SeleniumFrameworkWithJava\crosswordbrowsertesting.xml"
01:44:41.003 [main] INFO  org.testng.internal.Utils - [TestNG] Running:
  D:\Selenium_Automation_Framework_pwansir\SeleniumFrameworkWithJava\crosswordbrowsertesting.xml

01:44:43.555 [TestNG-tests-1] INFO  testCases.TC001_AccountRegistrationTest - ************ Starting TC001_AccountRegistrationTest ************
01:44:43.717 [TestNG-tests-1] INFO  testCases.TC001_AccountRegistrationTest - clicked on MyAccount Link
01:44:44.019 [TestNG-tests-1] INFO  testCases.TC001_AccountRegistrationTest - clicked on Register Link
01:44:44.020 [TestNG-tests-1] INFO  testCases.TC001_AccountRegistrationTest - Providing customer details....
01:44:44.477 [TestNG-tests-1] INFO  testCases.TC001_AccountRegistrationTest - Validting expected message... 
01:44:44.943 [TestNG-tests-1] INFO  testCases.TC001_AccountRegistrationTest - ************ Finished TC001_AccountRegistrationTest ************
01:45:52.428 [main] DEBUG org.testng.TestNG - suiteXmlPath: "D:\Selenium_Automation_Framework_pwansir\SeleniumFrameworkWithJava\crosswordbrowsertesting.xml"
01:45:52.794 [main] INFO  org.testng.internal.Utils - [TestNG] Running:
  D:\Selenium_Automation_Framework_pwansir\SeleniumFrameworkWithJava\crosswordbrowsertesting.xml

01:45:55.433 [TestNG-tests-1] INFO  testCases.TC001_AccountRegistrationTest - ************ Starting TC001_AccountRegistrationTest ************
01:45:55.609 [TestNG-tests-1] INFO  testCases.TC001_AccountRegistrationTest - clicked on MyAccount Link
01:45:55.934 [TestNG-tests-1] INFO  testCases.TC001_AccountRegistrationTest - clicked on Register Link
01:45:55.939 [TestNG-tests-1] INFO  testCases.TC001_AccountRegistrationTest - Providing customer details....
01:45:56.393 [TestNG-tests-1] INFO  testCases.TC001_AccountRegistrationTest - Validting expected message... 
01:45:56.852 [TestNG-tests-1] INFO  testCases.TC001_AccountRegistrationTest - ************ Finished TC001_AccountRegistrationTest ************
01:46:26.735 [main] DEBUG org.testng.TestNG - suiteXmlPath: "D:\Selenium_Automation_Framework_pwansir\SeleniumFrameworkWithJava\crosswordbrowsertesting.xml"
01:46:27.127 [main] INFO  org.testng.internal.Utils - [TestNG] Running:
  D:\Selenium_Automation_Framework_pwansir\SeleniumFrameworkWithJava\crosswordbrowsertesting.xml

01:46:29.903 [TestNG-tests-2] INFO  testCases.TC001_AccountRegistrationTest - ************ Starting TC001_AccountRegistrationTest ************
01:46:30.099 [TestNG-tests-2] INFO  testCases.TC001_AccountRegistrationTest - clicked on MyAccount Link
01:46:31.043 [TestNG-tests-2] INFO  testCases.TC001_AccountRegistrationTest - clicked on Register Link
01:46:31.046 [TestNG-tests-2] INFO  testCases.TC001_AccountRegistrationTest - Providing customer details....
01:46:31.766 [TestNG-tests-1] INFO  testCases.TC001_AccountRegistrationTest - ************ Starting TC001_AccountRegistrationTest ************
01:46:31.963 [TestNG-tests-1] INFO  testCases.TC001_AccountRegistrationTest - clicked on MyAccount Link
01:46:32.014 [TestNG-tests-2] INFO  testCases.TC001_AccountRegistrationTest - Validting expected message... 
01:46:32.369 [TestNG-tests-1] INFO  testCases.TC001_AccountRegistrationTest - clicked on Register Link
01:46:32.376 [TestNG-tests-1] INFO  testCases.TC001_AccountRegistrationTest - Providing customer details....
01:46:32.650 [TestNG-tests-2] INFO  testCases.TC001_AccountRegistrationTest - ************ Finished TC001_AccountRegistrationTest ************
01:46:32.911 [TestNG-tests-1] INFO  testCases.TC001_AccountRegistrationTest - Validting expected message... 
01:46:33.339 [TestNG-tests-1] INFO  testCases.TC001_AccountRegistrationTest - ************ Finished TC001_AccountRegistrationTest ************
01:47:04.614 [main] DEBUG org.testng.TestNG - suiteXmlPath: "D:\Selenium_Automation_Framework_pwansir\SeleniumFrameworkWithJava\crosswordbrowsertesting.xml"
01:47:04.980 [main] INFO  org.testng.internal.Utils - [TestNG] Running:
  D:\Selenium_Automation_Framework_pwansir\SeleniumFrameworkWithJava\crosswordbrowsertesting.xml

01:47:09.454 [TestNG-tests-2] INFO  testCases.TC001_AccountRegistrationTest - ************ Starting TC001_AccountRegistrationTest ************
01:47:09.454 [TestNG-tests-1] INFO  testCases.TC001_AccountRegistrationTest - ************ Starting TC001_AccountRegistrationTest ************
01:47:09.649 [TestNG-tests-1] INFO  testCases.TC001_AccountRegistrationTest - clicked on MyAccount Link
01:47:09.696 [TestNG-tests-2] INFO  testCases.TC001_AccountRegistrationTest - clicked on MyAccount Link
01:47:15.996 [TestNG-tests-1] INFO  testCases.TC001_AccountRegistrationTest - clicked on Register Link
01:47:16.000 [TestNG-tests-1] INFO  testCases.TC001_AccountRegistrationTest - Providing customer details....
01:47:40.832 [main] DEBUG org.testng.TestNG - suiteXmlPath: "D:\Selenium_Automation_Framework_pwansir\SeleniumFrameworkWithJava\crosswordbrowsertesting.xml"
01:47:41.192 [main] INFO  org.testng.internal.Utils - [TestNG] Running:
  D:\Selenium_Automation_Framework_pwansir\SeleniumFrameworkWithJava\crosswordbrowsertesting.xml

01:47:46.373 [TestNG-tests-1] INFO  testCases.TC001_AccountRegistrationTest - ************ Starting TC001_AccountRegistrationTest ************
01:47:46.373 [TestNG-tests-2] INFO  testCases.TC001_AccountRegistrationTest - ************ Starting TC001_AccountRegistrationTest ************
01:47:46.569 [TestNG-tests-2] INFO  testCases.TC001_AccountRegistrationTest - clicked on MyAccount Link
01:47:46.618 [TestNG-tests-1] INFO  testCases.TC001_AccountRegistrationTest - clicked on MyAccount Link
01:48:05.033 [TestNG-tests-2] INFO  testCases.TC001_AccountRegistrationTest - clicked on Register Link
01:48:05.034 [TestNG-tests-2] INFO  testCases.TC001_AccountRegistrationTest - Providing customer details....
01:48:13.293 [main] DEBUG org.testng.TestNG - suiteXmlPath: "D:\Selenium_Automation_Framework_pwansir\SeleniumFrameworkWithJava\crosswordbrowsertesting.xml"
01:48:13.654 [main] INFO  org.testng.internal.Utils - [TestNG] Running:
  D:\Selenium_Automation_Framework_pwansir\SeleniumFrameworkWithJava\crosswordbrowsertesting.xml

01:48:18.665 [TestNG-tests-2] INFO  testCases.TC001_AccountRegistrationTest - ************ Starting TC001_AccountRegistrationTest ************
01:48:19.007 [TestNG-tests-1] INFO  testCases.TC001_AccountRegistrationTest - ************ Starting TC001_AccountRegistrationTest ************
01:48:19.091 [TestNG-tests-2] INFO  testCases.TC001_AccountRegistrationTest - clicked on MyAccount Link
01:48:39.509 [TestNG-tests-2] INFO  testCases.TC001_AccountRegistrationTest - clicked on Register Link
01:48:39.514 [TestNG-tests-2] INFO  testCases.TC001_AccountRegistrationTest - Providing customer details....
01:50:06.266 [main] DEBUG org.testng.TestNG - suiteXmlPath: "D:\Selenium_Automation_Framework_pwansir\SeleniumFrameworkWithJava\crosswordbrowsertesting.xml"
01:50:06.640 [main] INFO  org.testng.internal.Utils - [TestNG] Running:
  D:\Selenium_Automation_Framework_pwansir\SeleniumFrameworkWithJava\crosswordbrowsertesting.xml

01:50:09.146 [TestNG-tests-1] INFO  testCases.TC001_AccountRegistrationTest - ************ Starting TC001_AccountRegistrationTest ************
01:50:09.334 [TestNG-tests-1] INFO  testCases.TC001_AccountRegistrationTest - clicked on MyAccount Link
01:50:09.683 [TestNG-tests-1] INFO  testCases.TC001_AccountRegistrationTest - clicked on Register Link
01:50:09.684 [TestNG-tests-1] INFO  testCases.TC001_AccountRegistrationTest - Providing customer details....
01:50:10.832 [TestNG-tests-1] INFO  testCases.TC001_AccountRegistrationTest - Validting expected message... 
01:50:11.163 [TestNG-tests-2] INFO  testCases.TC001_AccountRegistrationTest - ************ Starting TC001_AccountRegistrationTest ************
01:50:11.343 [TestNG-tests-2] INFO  testCases.TC001_AccountRegistrationTest - clicked on MyAccount Link
01:50:11.599 [TestNG-tests-1] INFO  testCases.TC001_AccountRegistrationTest - ************ Finished TC001_AccountRegistrationTest ************
01:50:11.751 [TestNG-tests-2] INFO  testCases.TC001_AccountRegistrationTest - clicked on Register Link
01:50:11.753 [TestNG-tests-2] INFO  testCases.TC001_AccountRegistrationTest - Providing customer details....
01:51:18.920 [main] DEBUG org.testng.TestNG - suiteXmlPath: "D:\Selenium_Automation_Framework_pwansir\SeleniumFrameworkWithJava\crosswordbrowsertesting.xml"
01:51:19.352 [main] INFO  org.testng.internal.Utils - [TestNG] Running:
  D:\Selenium_Automation_Framework_pwansir\SeleniumFrameworkWithJava\crosswordbrowsertesting.xml

01:51:21.877 [TestNG-tests-1] INFO  testCases.TC001_AccountRegistrationTest - ************ Starting TC001_AccountRegistrationTest ************
01:51:22.087 [TestNG-tests-1] INFO  testCases.TC001_AccountRegistrationTest - clicked on MyAccount Link
01:51:22.430 [TestNG-tests-1] INFO  testCases.TC001_AccountRegistrationTest - clicked on Register Link
01:51:22.432 [TestNG-tests-1] INFO  testCases.TC001_AccountRegistrationTest - Providing customer details....
01:51:22.864 [TestNG-tests-1] INFO  testCases.TC001_AccountRegistrationTest - Validting expected message... 
01:51:23.356 [TestNG-tests-1] INFO  testCases.TC001_AccountRegistrationTest - ************ Finished TC001_AccountRegistrationTest ************
01:54:39.537 [main] DEBUG org.testng.TestNG - suiteXmlPath: "D:\Selenium_Automation_Framework_pwansir\SeleniumFrameworkWithJava\crosswordbrowsertesting.xml"
01:54:39.942 [main] INFO  org.testng.internal.Utils - [TestNG] Running:
  D:\Selenium_Automation_Framework_pwansir\SeleniumFrameworkWithJava\crosswordbrowsertesting.xml

01:54:42.586 [TestNG-tests-1] INFO  testCases.TC001_AccountRegistrationTest - ************ Starting TC001_AccountRegistrationTest ************
01:54:42.808 [TestNG-tests-1] INFO  testCases.TC001_AccountRegistrationTest - clicked on MyAccount Link
01:54:43.472 [TestNG-tests-1] INFO  testCases.TC001_AccountRegistrationTest - clicked on Register Link
01:54:43.474 [TestNG-tests-1] INFO  testCases.TC001_AccountRegistrationTest - Providing customer details....
01:54:44.675 [TestNG-tests-2] INFO  testCases.TC001_AccountRegistrationTest - ************ Starting TC001_AccountRegistrationTest ************
01:54:44.864 [TestNG-tests-1] INFO  testCases.TC001_AccountRegistrationTest - Validting expected message... 
01:54:45.054 [TestNG-tests-2] INFO  testCases.TC001_AccountRegistrationTest - clicked on MyAccount Link
01:54:45.455 [TestNG-tests-1] INFO  testCases.TC001_AccountRegistrationTest - ************ Finished TC001_AccountRegistrationTest ************
01:54:45.572 [TestNG-tests-2] INFO  testCases.TC001_AccountRegistrationTest - clicked on Register Link
01:54:45.576 [TestNG-tests-2] INFO  testCases.TC001_AccountRegistrationTest - Providing customer details....
01:58:39.577 [main] DEBUG org.testng.TestNG - suiteXmlPath: "D:\Selenium_Automation_Framework_pwansir\SeleniumFrameworkWithJava\crosswordbrowsertesting.xml"
01:58:39.964 [main] INFO  org.testng.internal.Utils - [TestNG] Running:
  D:\Selenium_Automation_Framework_pwansir\SeleniumFrameworkWithJava\crosswordbrowsertesting.xml

01:58:42.567 [TestNG-tests-1] INFO  testCases.TC001_AccountRegistrationTest - ************ Starting TC001_AccountRegistrationTest ************
01:58:42.761 [TestNG-tests-1] INFO  testCases.TC001_AccountRegistrationTest - clicked on MyAccount Link
01:58:43.237 [TestNG-tests-1] INFO  testCases.TC001_AccountRegistrationTest - clicked on Register Link
01:58:43.238 [TestNG-tests-1] INFO  testCases.TC001_AccountRegistrationTest - Providing customer details....
01:58:44.704 [TestNG-tests-1] INFO  testCases.TC001_AccountRegistrationTest - Validting expected message... 
01:58:44.978 [TestNG-tests-2] INFO  testCases.TC001_AccountRegistrationTest - ************ Starting TC001_AccountRegistrationTest ************
01:58:45.163 [TestNG-tests-2] INFO  testCases.TC001_AccountRegistrationTest - clicked on MyAccount Link
01:58:45.576 [TestNG-tests-1] INFO  testCases.TC001_AccountRegistrationTest - ************ Finished TC001_AccountRegistrationTest ************
01:58:45.655 [TestNG-tests-2] INFO  testCases.TC001_AccountRegistrationTest - clicked on Register Link
01:58:45.658 [TestNG-tests-2] INFO  testCases.TC001_AccountRegistrationTest - Providing customer details....
01:59:01.025 [main] DEBUG org.testng.TestNG - suiteXmlPath: "D:\Selenium_Automation_Framework_pwansir\SeleniumFrameworkWithJava\crosswordbrowsertesting.xml"
01:59:01.399 [main] INFO  org.testng.internal.Utils - [TestNG] Running:
  D:\Selenium_Automation_Framework_pwansir\SeleniumFrameworkWithJava\crosswordbrowsertesting.xml

01:59:04.519 [TestNG-tests-1] INFO  testCases.TC001_AccountRegistrationTest - ************ Starting TC001_AccountRegistrationTest ************
01:59:04.884 [TestNG-tests-1] INFO  testCases.TC001_AccountRegistrationTest - clicked on MyAccount Link
01:59:05.777 [TestNG-tests-1] INFO  testCases.TC001_AccountRegistrationTest - clicked on Register Link
01:59:05.779 [TestNG-tests-1] INFO  testCases.TC001_AccountRegistrationTest - Providing customer details....
01:59:26.038 [TestNG-tests-2] INFO  testCases.TC001_AccountRegistrationTest - ************ Starting TC001_AccountRegistrationTest ************
02:02:19.003 [main] DEBUG org.testng.TestNG - suiteXmlPath: "D:\Selenium_Automation_Framework_pwansir\SeleniumFrameworkWithJava\crosswordbrowsertesting.xml"
02:02:19.361 [main] INFO  org.testng.internal.Utils - [TestNG] Running:
  D:\Selenium_Automation_Framework_pwansir\SeleniumFrameworkWithJava\crosswordbrowsertesting.xml

02:02:21.966 [TestNG-tests-1] INFO  testCases.TC001_AccountRegistrationTest - ************ Starting TC001_AccountRegistrationTest ************
02:02:22.143 [TestNG-tests-1] INFO  testCases.TC001_AccountRegistrationTest - clicked on MyAccount Link
02:02:22.895 [TestNG-tests-1] INFO  testCases.TC001_AccountRegistrationTest - clicked on Register Link
02:02:22.897 [TestNG-tests-1] INFO  testCases.TC001_AccountRegistrationTest - Providing customer details....
02:02:23.905 [TestNG-tests-2] INFO  testCases.TC001_AccountRegistrationTest - ************ Starting TC001_AccountRegistrationTest ************
02:02:23.934 [TestNG-tests-1] INFO  testCases.TC001_AccountRegistrationTest - Validting expected message... 
02:02:24.083 [TestNG-tests-2] INFO  testCases.TC001_AccountRegistrationTest - clicked on MyAccount Link
02:02:24.530 [TestNG-tests-2] INFO  testCases.TC001_AccountRegistrationTest - clicked on Register Link
02:02:24.533 [TestNG-tests-2] INFO  testCases.TC001_AccountRegistrationTest - Providing customer details....
02:02:24.559 [TestNG-tests-1] INFO  testCases.TC001_AccountRegistrationTest - ************ Finished TC001_AccountRegistrationTest ************
02:03:16.604 [main] DEBUG org.testng.TestNG - suiteXmlPath: "D:\Selenium_Automation_Framework_pwansir\SeleniumFrameworkWithJava\crosswordbrowsertesting.xml"
02:03:16.971 [main] INFO  org.testng.internal.Utils - [TestNG] Running:
  D:\Selenium_Automation_Framework_pwansir\SeleniumFrameworkWithJava\crosswordbrowsertesting.xml

02:03:19.396 [TestNG-tests-1] INFO  testCases.TC001_AccountRegistrationTest - ************ Starting TC001_AccountRegistrationTest ************
02:03:19.553 [TestNG-tests-1] INFO  testCases.TC001_AccountRegistrationTest - clicked on MyAccount Link
02:03:19.855 [TestNG-tests-1] INFO  testCases.TC001_AccountRegistrationTest - clicked on Register Link
02:03:19.856 [TestNG-tests-1] INFO  testCases.TC001_AccountRegistrationTest - Providing customer details....
02:03:20.365 [TestNG-tests-1] INFO  testCases.TC001_AccountRegistrationTest - Validting expected message... 
02:03:20.821 [TestNG-tests-1] INFO  testCases.TC001_AccountRegistrationTest - ************ Finished TC001_AccountRegistrationTest ************
02:03:25.595 [TestNG-tests-1] INFO  testCases.TC001_AccountRegistrationTest - ************ Starting TC001_AccountRegistrationTest ************
02:03:25.785 [TestNG-tests-1] INFO  testCases.TC001_AccountRegistrationTest - clicked on MyAccount Link
02:03:26.118 [TestNG-tests-1] INFO  testCases.TC001_AccountRegistrationTest - clicked on Register Link
02:03:26.121 [TestNG-tests-1] INFO  testCases.TC001_AccountRegistrationTest - Providing customer details....
02:03:26.555 [TestNG-tests-1] INFO  testCases.TC001_AccountRegistrationTest - Validting expected message... 
02:03:26.984 [TestNG-tests-1] INFO  testCases.TC001_AccountRegistrationTest - ************ Finished TC001_AccountRegistrationTest ************
02:03:55.988 [main] DEBUG org.testng.TestNG - suiteXmlPath: "D:\Selenium_Automation_Framework_pwansir\SeleniumFrameworkWithJava\crosswordbrowsertesting.xml"
02:03:56.368 [main] INFO  org.testng.internal.Utils - [TestNG] Running:
  D:\Selenium_Automation_Framework_pwansir\SeleniumFrameworkWithJava\crosswordbrowsertesting.xml

02:03:58.862 [TestNG-tests-1] INFO  testCases.TC001_AccountRegistrationTest - ************ Starting TC001_AccountRegistrationTest ************
02:03:59.093 [TestNG-tests-1] INFO  testCases.TC001_AccountRegistrationTest - clicked on MyAccount Link
02:03:59.440 [TestNG-tests-1] INFO  testCases.TC001_AccountRegistrationTest - clicked on Register Link
02:03:59.442 [TestNG-tests-1] INFO  testCases.TC001_AccountRegistrationTest - Providing customer details....
02:03:59.899 [TestNG-tests-1] INFO  testCases.TC001_AccountRegistrationTest - Validting expected message... 
02:04:00.361 [TestNG-tests-1] INFO  testCases.TC001_AccountRegistrationTest - ************ Finished TC001_AccountRegistrationTest ************
02:04:04.144 [TestNG-tests-1] INFO  testCases.TC001_AccountRegistrationTest - ************ Starting TC001_AccountRegistrationTest ************
02:04:04.331 [TestNG-tests-1] INFO  testCases.TC001_AccountRegistrationTest - clicked on MyAccount Link
02:04:04.628 [TestNG-tests-1] INFO  testCases.TC001_AccountRegistrationTest - clicked on Register Link
02:04:04.631 [TestNG-tests-1] INFO  testCases.TC001_AccountRegistrationTest - Providing customer details....
02:04:05.105 [TestNG-tests-1] INFO  testCases.TC001_AccountRegistrationTest - Validting expected message... 
02:04:05.546 [TestNG-tests-1] INFO  testCases.TC001_AccountRegistrationTest - ************ Finished TC001_AccountRegistrationTest ************
16:59:08.051 [main] DEBUG org.testng.TestNG - suiteXmlPath: "D:\Selenium_Automation_Framework_pwansir\SeleniumFrameworkWithJava\grid-docker.xml"
16:59:08.566 [main] INFO  org.testng.internal.Utils - [TestNG] Running:
  D:\Selenium_Automation_Framework_pwansir\SeleniumFrameworkWithJava\grid-docker.xml

16:59:58.907 [main] DEBUG org.testng.TestNG - suiteXmlPath: "D:\Selenium_Automation_Framework_pwansir\SeleniumFrameworkWithJava\grid-docker.xml"
16:59:59.354 [main] INFO  org.testng.internal.Utils - [TestNG] Running:
  D:\Selenium_Automation_Framework_pwansir\SeleniumFrameworkWithJava\grid-docker.xml

17:01:44.732 [main] DEBUG org.testng.TestNG - suiteXmlPath: "D:\Selenium_Automation_Framework_pwansir\SeleniumFrameworkWithJava\testng.xml"
17:01:45.223 [main] INFO  org.testng.internal.Utils - [TestNG] Running:
  D:\Selenium_Automation_Framework_pwansir\SeleniumFrameworkWithJava\testng.xml

17:02:27.864 [main] DEBUG org.testng.TestNG - suiteXmlPath: "D:\Selenium_Automation_Framework_pwansir\SeleniumFrameworkWithJava\testng.xml"
17:02:28.366 [main] INFO  org.testng.internal.Utils - [TestNG] Running:
  D:\Selenium_Automation_Framework_pwansir\SeleniumFrameworkWithJava\testng.xml

17:03:07.494 [main] DEBUG org.testng.TestNG - suiteXmlPath: "D:\Selenium_Automation_Framework_pwansir\SeleniumFrameworkWithJava\testng.xml"
17:03:07.961 [main] INFO  org.testng.internal.Utils - [TestNG] Running:
  D:\Selenium_Automation_Framework_pwansir\SeleniumFrameworkWithJava\testng.xml

17:03:16.284 [main] INFO  testCases.TC001_AccountRegistrationTest - ************ Starting TC001_AccountRegistrationTest ************
17:03:16.482 [main] INFO  testCases.TC001_AccountRegistrationTest - clicked on MyAccount Link
17:03:17.139 [main] INFO  testCases.TC001_AccountRegistrationTest - clicked on Register Link
17:03:17.146 [main] INFO  testCases.TC001_AccountRegistrationTest - Providing customer details....
17:03:17.725 [main] INFO  testCases.TC001_AccountRegistrationTest - Validting expected message... 
17:03:18.467 [main] INFO  testCases.TC001_AccountRegistrationTest - ************ Finished TC001_AccountRegistrationTest ************
17:03:21.330 [main] INFO  testCases.TC002_LoginTest - ************Statting TC_002_logintest Case******
17:03:25.324 [main] INFO  testCases.TC002_LoginTest - ************Finished TC_002_logintest Case******
17:03:53.689 [main] DEBUG org.testng.TestNG - suiteXmlPath: "D:\Selenium_Automation_Framework_pwansir\SeleniumFrameworkWithJava\testng.xml"
17:03:54.132 [main] INFO  org.testng.internal.Utils - [TestNG] Running:
  D:\Selenium_Automation_Framework_pwansir\SeleniumFrameworkWithJava\testng.xml

17:07:50.404 [main] DEBUG org.testng.TestNG - suiteXmlPath: "D:\Selenium_Automation_Framework_pwansir\SeleniumFrameworkWithJava\grid-docker.xml"
17:07:50.886 [main] INFO  org.testng.internal.Utils - [TestNG] Running:
  D:\Selenium_Automation_Framework_pwansir\SeleniumFrameworkWithJava\grid-docker.xml

17:08:09.871 [main] DEBUG org.testng.TestNG - suiteXmlPath: "D:\Selenium_Automation_Framework_pwansir\SeleniumFrameworkWithJava\testng.xml"
17:08:10.364 [main] INFO  org.testng.internal.Utils - [TestNG] Running:
  D:\Selenium_Automation_Framework_pwansir\SeleniumFrameworkWithJava\testng.xml

17:09:00.594 [main] DEBUG org.testng.TestNG - suiteXmlPath: "D:\Selenium_Automation_Framework_pwansir\SeleniumFrameworkWithJava\crosswordbrowsertesting.xml"
17:09:01.054 [main] INFO  org.testng.internal.Utils - [TestNG] Running:
  D:\Selenium_Automation_Framework_pwansir\SeleniumFrameworkWithJava\crosswordbrowsertesting.xml

17:10:37.562 [main] DEBUG org.testng.TestNG - suiteXmlPath: "D:\Selenium_Automation_Framework_pwansir\SeleniumFrameworkWithJava\testng.xml"
17:10:38.026 [main] INFO  org.testng.internal.Utils - [TestNG] Running:
  D:\Selenium_Automation_Framework_pwansir\SeleniumFrameworkWithJava\testng.xml

17:10:41.943 [main] INFO  testCases.TC001_AccountRegistrationTest - ************ Starting TC001_AccountRegistrationTest ************
17:10:42.147 [main] INFO  testCases.TC001_AccountRegistrationTest - clicked on MyAccount Link
17:10:42.622 [main] INFO  testCases.TC001_AccountRegistrationTest - clicked on Register Link
17:10:42.631 [main] INFO  testCases.TC001_AccountRegistrationTest - Providing customer details....
17:10:43.226 [main] INFO  testCases.TC001_AccountRegistrationTest - Validting expected message... 
17:10:43.749 [main] INFO  testCases.TC001_AccountRegistrationTest - ************ Finished TC001_AccountRegistrationTest ************
17:10:46.815 [main] INFO  testCases.TC002_LoginTest - ************Statting TC_002_logintest Case******
17:10:50.752 [main] INFO  testCases.TC002_LoginTest - ************Finished TC_002_logintest Case******
17:11:14.043 [main] INFO  testCases.TC002_LoginTest - ************Statting TC_002_logintest Case******
17:11:17.965 [main] INFO  testCases.TC002_LoginTest - ************Finished TC_002_logintest Case******
17:11:57.565 [main] DEBUG org.testng.TestNG - suiteXmlPath: "D:\Selenium_Automation_Framework_pwansir\SeleniumFrameworkWithJava\testng.xml"
17:11:58.052 [main] INFO  org.testng.internal.Utils - [TestNG] Running:
  D:\Selenium_Automation_Framework_pwansir\SeleniumFrameworkWithJava\testng.xml

17:12:00.911 [main] INFO  testCases.TC001_AccountRegistrationTest - ************ Starting TC001_AccountRegistrationTest ************
17:12:01.102 [main] INFO  testCases.TC001_AccountRegistrationTest - clicked on MyAccount Link
17:12:01.507 [main] INFO  testCases.TC001_AccountRegistrationTest - clicked on Register Link
17:12:01.509 [main] INFO  testCases.TC001_AccountRegistrationTest - Providing customer details....
17:12:02.020 [main] INFO  testCases.TC001_AccountRegistrationTest - Validting expected message... 
17:12:02.522 [main] INFO  testCases.TC001_AccountRegistrationTest - ************ Finished TC001_AccountRegistrationTest ************
17:12:05.379 [main] INFO  testCases.TC002_LoginTest - ************Statting TC_002_logintest Case******
17:12:09.213 [main] INFO  testCases.TC002_LoginTest - ************Finished TC_002_logintest Case******
17:13:56.738 [main] DEBUG org.testng.TestNG - suiteXmlPath: "D:\Selenium_Automation_Framework_pwansir\SeleniumFrameworkWithJava\testng.xml"
17:13:57.219 [main] INFO  org.testng.internal.Utils - [TestNG] Running:
  D:\Selenium_Automation_Framework_pwansir\SeleniumFrameworkWithJava\testng.xml

17:16:53.389 [main] DEBUG org.testng.TestNG - suiteXmlPath: "D:\Selenium_Automation_Framework_pwansir\SeleniumFrameworkWithJava\testng.xml"
17:16:53.947 [main] INFO  org.testng.internal.Utils - [TestNG] Running:
  D:\Selenium_Automation_Framework_pwansir\SeleniumFrameworkWithJava\testng.xml

18:21:25.479 [main] DEBUG org.testng.TestNG - suiteXmlPath: "D:\Selenium_Automation_Framework_pwansir\SeleniumFrameworkWithJava\testng.xml"
18:21:26.033 [main] INFO  org.testng.internal.Utils - [TestNG] Running:
  D:\Selenium_Automation_Framework_pwansir\SeleniumFrameworkWithJava\testng.xml

18:22:27.976 [main] DEBUG org.testng.TestNG - suiteXmlPath: "D:\Selenium_Automation_Framework_pwansir\SeleniumFrameworkWithJava\testng.xml"
18:22:28.519 [main] INFO  org.testng.internal.Utils - [TestNG] Running:
  D:\Selenium_Automation_Framework_pwansir\SeleniumFrameworkWithJava\testng.xml

18:22:48.394 [main] DEBUG org.testng.TestNG - suiteXmlPath: "D:\Selenium_Automation_Framework_pwansir\SeleniumFrameworkWithJava\crosswordbrowsertesting.xml"
18:22:48.840 [main] INFO  org.testng.internal.Utils - [TestNG] Running:
  D:\Selenium_Automation_Framework_pwansir\SeleniumFrameworkWithJava\crosswordbrowsertesting.xml

18:37:52.488 [main] DEBUG org.testng.TestNG - suiteXmlPath: "D:\Selenium_Automation_Framework_pwansir\SeleniumFrameworkWithJava\testng.xml"
18:37:52.948 [main] INFO  org.testng.internal.Utils - [TestNG] Running:
  D:\Selenium_Automation_Framework_pwansir\SeleniumFrameworkWithJava\testng.xml

18:47:45.604 [main] DEBUG org.testng.TestNG - suiteXmlPath: "D:\Selenium_Automation_Framework_pwansir\SeleniumFrameworkWithJava\crosswordbrowsertesting.xml"
18:47:46.056 [main] INFO  org.testng.internal.Utils - [TestNG] Running:
  D:\Selenium_Automation_Framework_pwansir\SeleniumFrameworkWithJava\crosswordbrowsertesting.xml

18:47:50.957 [TestNG-tests-1] INFO  testCases.TC001_AccountRegistrationTest - ************ Starting TC001_AccountRegistrationTest ************
18:47:51.176 [TestNG-tests-1] INFO  testCases.TC001_AccountRegistrationTest - clicked on MyAccount Link
18:47:51.628 [TestNG-tests-1] INFO  testCases.TC001_AccountRegistrationTest - clicked on Register Link
18:47:51.641 [TestNG-tests-1] INFO  testCases.TC001_AccountRegistrationTest - Providing customer details....
18:47:52.170 [TestNG-tests-1] INFO  testCases.TC001_AccountRegistrationTest - Validting expected message... 
18:47:52.687 [TestNG-tests-1] INFO  testCases.TC001_AccountRegistrationTest - ************ Finished TC001_AccountRegistrationTest ************
18:47:57.678 [TestNG-tests-1] INFO  testCases.TC001_AccountRegistrationTest - ************ Starting TC001_AccountRegistrationTest ************
18:47:57.846 [TestNG-tests-1] INFO  testCases.TC001_AccountRegistrationTest - clicked on MyAccount Link
18:47:58.238 [TestNG-tests-1] INFO  testCases.TC001_AccountRegistrationTest - clicked on Register Link
18:47:58.251 [TestNG-tests-1] INFO  testCases.TC001_AccountRegistrationTest - Providing customer details....
18:47:58.757 [TestNG-tests-1] INFO  testCases.TC001_AccountRegistrationTest - Validting expected message... 
18:47:59.277 [TestNG-tests-1] INFO  testCases.TC001_AccountRegistrationTest - ************ Finished TC001_AccountRegistrationTest ************
19:09:33.000 [main] DEBUG org.testng.TestNG - suiteXmlPath: "D:\Selenium_Automation_Framework_pwansir\SeleniumFrameworkWithJava\grid-docker.xml"
19:09:33.485 [main] INFO  org.testng.internal.Utils - [TestNG] Running:
  D:\Selenium_Automation_Framework_pwansir\SeleniumFrameworkWithJava\grid-docker.xml

19:34:24.242 [main] DEBUG org.testng.TestNG - suiteXmlPath: "D:\Selenium_Automation_Framework_pwansir\SeleniumFrameworkWithJava\grid-docker.xml"
19:34:24.855 [main] INFO  org.testng.internal.Utils - [TestNG] Running:
  D:\Selenium_Automation_Framework_pwansir\SeleniumFrameworkWithJava\grid-docker.xml

19:41:35.673 [main] DEBUG org.testng.TestNG - suiteXmlPath: "D:\Selenium_Automation_Framework_pwansir\SeleniumFrameworkWithJava\grid-docker.xml"
19:41:36.175 [main] INFO  org.testng.internal.Utils - [TestNG] Running:
  D:\Selenium_Automation_Framework_pwansir\SeleniumFrameworkWithJava\grid-docker.xml

19:45:14.772 [main] DEBUG org.testng.TestNG - suiteXmlPath: "D:\Selenium_Automation_Framework_pwansir\SeleniumFrameworkWithJava\grid-docker.xml"
19:45:15.257 [main] INFO  org.testng.internal.Utils - [TestNG] Running:
  D:\Selenium_Automation_Framework_pwansir\SeleniumFrameworkWithJava\grid-docker.xml

19:51:33.886 [main] DEBUG org.testng.TestNG - suiteXmlPath: "D:\Selenium_Automation_Framework_pwansir\SeleniumFrameworkWithJava\grid-docker.xml"
19:51:34.432 [main] INFO  org.testng.internal.Utils - [TestNG] Running:
  D:\Selenium_Automation_Framework_pwansir\SeleniumFrameworkWithJava\grid-docker.xml

19:54:13.413 [main] DEBUG org.testng.TestNG - suiteXmlPath: "D:\Selenium_Automation_Framework_pwansir\SeleniumFrameworkWithJava\testng.xml"
19:54:13.914 [main] INFO  org.testng.internal.Utils - [TestNG] Running:
  D:\Selenium_Automation_Framework_pwansir\SeleniumFrameworkWithJava\testng.xml

19:54:18.894 [main] INFO  testCases.TC001_AccountRegistrationTest - ************ Starting TC001_AccountRegistrationTest ************
19:54:19.216 [main] INFO  testCases.TC001_AccountRegistrationTest - clicked on MyAccount Link
19:54:19.877 [main] INFO  testCases.TC001_AccountRegistrationTest - clicked on Register Link
19:54:19.882 [main] INFO  testCases.TC001_AccountRegistrationTest - Providing customer details....
19:54:20.533 [main] INFO  testCases.TC001_AccountRegistrationTest - Validting expected message... 
19:54:21.351 [main] INFO  testCases.TC001_AccountRegistrationTest - ************ Finished TC001_AccountRegistrationTest ************
19:54:26.164 [main] INFO  testCases.TC002_LoginTest - ************Statting TC_002_logintest Case******
19:54:30.301 [main] INFO  testCases.TC002_LoginTest - ************Finished TC_002_logintest Case******
19:57:30.944 [main] DEBUG org.testng.TestNG - suiteXmlPath: "D:\Selenium_Automation_Framework_pwansir\SeleniumFrameworkWithJava\grid-docker.xml"
19:57:31.532 [main] INFO  org.testng.internal.Utils - [TestNG] Running:
  D:\Selenium_Automation_Framework_pwansir\SeleniumFrameworkWithJava\grid-docker.xml

20:04:32.589 [main] DEBUG org.testng.TestNG - suiteXmlPath: "D:\Selenium_Automation_Framework_pwansir\SeleniumFrameworkWithJava\grid-docker.xml"
20:04:33.069 [main] INFO  org.testng.internal.Utils - [TestNG] Running:
  D:\Selenium_Automation_Framework_pwansir\SeleniumFrameworkWithJava\grid-docker.xml

20:04:35.377 [main] INFO  testCases.TC002_LoginTest - ************Statting TC_002_logintest Case******
20:05:49.308 [main] DEBUG org.testng.TestNG - suiteXmlPath: "D:\Selenium_Automation_Framework_pwansir\SeleniumFrameworkWithJava\grid-docker.xml"
20:05:49.797 [main] INFO  org.testng.internal.Utils - [TestNG] Running:
  D:\Selenium_Automation_Framework_pwansir\SeleniumFrameworkWithJava\grid-docker.xml

20:05:51.554 [main] INFO  testCases.TC001_AccountRegistrationTest - ************ Starting TC001_AccountRegistrationTest ************
20:05:51.815 [main] INFO  testCases.TC001_AccountRegistrationTest - clicked on MyAccount Link
20:24:22.823 [main] DEBUG org.testng.TestNG - suiteXmlPath: "D:\Selenium_Automation_Framework_pwansir\SeleniumFrameworkWithJava\grid-docker.xml"
20:24:23.719 [main] INFO  org.testng.internal.Utils - [TestNG] Running:
  D:\Selenium_Automation_Framework_pwansir\SeleniumFrameworkWithJava\grid-docker.xml

20:24:32.165 [main] INFO  testCases.TC001_AccountRegistrationTest - ************ Starting TC001_AccountRegistrationTest ************
20:24:32.334 [main] INFO  testCases.TC001_AccountRegistrationTest - clicked on MyAccount Link
20:24:32.742 [main] INFO  testCases.TC001_AccountRegistrationTest - clicked on Register Link
20:24:32.744 [main] INFO  testCases.TC001_AccountRegistrationTest - Providing customer details....
20:24:33.499 [main] INFO  testCases.TC001_AccountRegistrationTest - Validting expected message... 
20:24:34.015 [main] INFO  testCases.TC001_AccountRegistrationTest - ************ Finished TC001_AccountRegistrationTest ************
20:28:51.219 [main] DEBUG org.testng.TestNG - suiteXmlPath: "D:\Selenium_Automation_Framework_pwansir\SeleniumFrameworkWithJava\grid-docker.xml"
20:28:51.798 [main] INFO  org.testng.internal.Utils - [TestNG] Running:
  D:\Selenium_Automation_Framework_pwansir\SeleniumFrameworkWithJava\grid-docker.xml

20:28:58.065 [main] INFO  testCases.TC001_AccountRegistrationTest - ************ Starting TC001_AccountRegistrationTest ************
20:28:58.447 [main] INFO  testCases.TC001_AccountRegistrationTest - clicked on MyAccount Link
20:28:58.827 [main] INFO  testCases.TC001_AccountRegistrationTest - clicked on Register Link
20:28:58.835 [main] INFO  testCases.TC001_AccountRegistrationTest - Providing customer details....
20:28:59.599 [main] INFO  testCases.TC001_AccountRegistrationTest - Validting expected message... 
20:28:59.900 [main] INFO  testCases.TC001_AccountRegistrationTest - ************ Finished TC001_AccountRegistrationTest ************
20:29:04.435 [main] INFO  testCases.TC002_LoginTest - ************Statting TC_002_logintest Case******
20:29:08.844 [main] INFO  testCases.TC002_LoginTest - ************Finished TC_002_logintest Case******
23:49:41.814 [main] DEBUG org.testng.TestNG - suiteXmlPath: "D:\Selenium_Automation_Framework_pwansir\SeleniumFrameworkWithJava\grid-docker.xml"
23:49:42.281 [main] INFO  org.testng.internal.Utils - [TestNG] Running:
  D:\Selenium_Automation_Framework_pwansir\SeleniumFrameworkWithJava\grid-docker.xml

23:51:28.461 [main] DEBUG org.testng.TestNG - suiteXmlPath: "D:\Selenium_Automation_Framework_pwansir\SeleniumFrameworkWithJava\grid-docker.xml"
23:51:28.913 [main] INFO  org.testng.internal.Utils - [TestNG] Running:
  D:\Selenium_Automation_Framework_pwansir\SeleniumFrameworkWithJava\grid-docker.xml

23:53:38.512 [main] DEBUG org.testng.TestNG - suiteXmlPath: "D:\Selenium_Automation_Framework_pwansir\SeleniumFrameworkWithJava\grid-docker.xml"
23:53:38.941 [main] INFO  org.testng.internal.Utils - [TestNG] Running:
  D:\Selenium_Automation_Framework_pwansir\SeleniumFrameworkWithJava\grid-docker.xml

23:55:12.815 [main] DEBUG org.testng.TestNG - suiteXmlPath: "D:\Selenium_Automation_Framework_pwansir\SeleniumFrameworkWithJava\grid-docker.xml"
23:55:13.296 [main] INFO  org.testng.internal.Utils - [TestNG] Running:
  D:\Selenium_Automation_Framework_pwansir\SeleniumFrameworkWithJava\grid-docker.xml

00:05:06.749 [main] DEBUG org.testng.TestNG - suiteXmlPath: "D:\Selenium_Automation_Framework_pwansir\SeleniumFrameworkWithJava\grid-docker.xml"
00:05:07.191 [main] INFO  org.testng.internal.Utils - [TestNG] Running:
  D:\Selenium_Automation_Framework_pwansir\SeleniumFrameworkWithJava\grid-docker.xml

00:05:13.618 [main] INFO  testCases.TC002_LoginTest - ************Statting TC_002_logintest Case******
00:05:18.001 [main] INFO  testCases.TC002_LoginTest - ************Finished TC_002_logintest Case******
01:29:24.929 [main] DEBUG org.testng.TestNG - suiteXmlPath: "D:\Selenium_Automation_Framework_pwansir\SeleniumFrameworkWithJava\master.xml"
01:30:46.861 [main] DEBUG org.testng.TestNG - suiteXmlPath: "D:\Selenium_Automation_Framework_pwansir\SeleniumFrameworkWithJava\master.xml"
01:30:47.319 [main] INFO  org.testng.internal.Utils - [TestNG] Running:
  D:\Selenium_Automation_Framework_pwansir\SeleniumFrameworkWithJava\master.xml

01:32:57.091 [main] DEBUG org.testng.TestNG - suiteXmlPath: "D:\Selenium_Automation_Framework_pwansir\SeleniumFrameworkWithJava\master.xml"
01:32:57.575 [main] INFO  org.testng.internal.Utils - [TestNG] Running:
  D:\Selenium_Automation_Framework_pwansir\SeleniumFrameworkWithJava\master.xml

01:33:02.637 [main] INFO  testCases.TC001_AccountRegistrationTest - ************ Starting TC001_AccountRegistrationTest ************
01:33:02.817 [main] INFO  testCases.TC001_AccountRegistrationTest - clicked on MyAccount Link
01:33:03.422 [main] INFO  testCases.TC001_AccountRegistrationTest - clicked on Register Link
01:33:03.426 [main] INFO  testCases.TC001_AccountRegistrationTest - Providing customer details....
01:33:03.916 [main] INFO  testCases.TC001_AccountRegistrationTest - Validting expected message... 
01:33:04.590 [main] INFO  testCases.TC001_AccountRegistrationTest - ************ Finished TC001_AccountRegistrationTest ************
01:33:08.159 [main] INFO  testCases.TC002_LoginTest - ************Statting TC_002_logintest Case******
01:33:11.960 [main] INFO  testCases.TC002_LoginTest - ************Finished TC_002_logintest Case******
01:33:47.268 [main] DEBUG org.testng.TestNG - suiteXmlPath: "D:\Selenium_Automation_Framework_pwansir\SeleniumFrameworkWithJava\master.xml"
01:33:50.757 [main] INFO  testCases.TC001_AccountRegistrationTest - ************ Starting TC001_AccountRegistrationTest ************
01:33:50.955 [main] INFO  testCases.TC001_AccountRegistrationTest - clicked on MyAccount Link
01:33:51.366 [main] INFO  testCases.TC001_AccountRegistrationTest - clicked on Register Link
01:33:51.376 [main] INFO  testCases.TC001_AccountRegistrationTest - Providing customer details....
01:33:51.852 [main] INFO  testCases.TC001_AccountRegistrationTest - Validting expected message... 
01:33:52.345 [main] INFO  testCases.TC001_AccountRegistrationTest - ************ Finished TC001_AccountRegistrationTest ************
01:33:55.773 [main] INFO  testCases.TC002_LoginTest - ************Statting TC_002_logintest Case******
01:33:59.650 [main] INFO  testCases.TC002_LoginTest - ************Finished TC_002_logintest Case******
02:03:05.299 [main] DEBUG org.testng.TestNG - suiteXmlPath: "D:\Selenium_Automation_Framework_pwansir\SeleniumFrameworkWithJava\master.xml"
02:03:09.606 [main] INFO  testCases.TC001_AccountRegistrationTest - ************ Starting TC001_AccountRegistrationTest ************
02:03:09.855 [main] INFO  testCases.TC001_AccountRegistrationTest - clicked on MyAccount Link
02:03:10.254 [main] INFO  testCases.TC001_AccountRegistrationTest - clicked on Register Link
02:03:10.256 [main] INFO  testCases.TC001_AccountRegistrationTest - Providing customer details....
02:03:10.763 [main] INFO  testCases.TC001_AccountRegistrationTest - Validting expected message... 
02:03:11.256 [main] INFO  testCases.TC001_AccountRegistrationTest - ************ Finished TC001_AccountRegistrationTest ************
02:03:14.116 [main] INFO  testCases.TC002_LoginTest - ************Statting TC_002_logintest Case******
02:03:17.994 [main] INFO  testCases.TC002_LoginTest - ************Finished TC_002_logintest Case******
02:20:23.121 [main] DEBUG org.testng.TestNG - suiteXmlPath: "D:\Selenium_Automation_Framework_pwansir\SeleniumFrameworkWithJava\master.xml"
02:20:26.506 [main] INFO  testCases.TC001_AccountRegistrationTest - ************ Starting TC001_AccountRegistrationTest ************
02:20:26.757 [main] INFO  testCases.TC001_AccountRegistrationTest - clicked on MyAccount Link
02:20:27.374 [main] INFO  testCases.TC001_AccountRegistrationTest - clicked on Register Link
02:20:27.377 [main] INFO  testCases.TC001_AccountRegistrationTest - Providing customer details....
02:20:27.880 [main] INFO  testCases.TC001_AccountRegistrationTest - Validting expected message... 
02:20:28.348 [main] INFO  testCases.TC001_AccountRegistrationTest - ************ Finished TC001_AccountRegistrationTest ************
02:20:31.126 [main] INFO  testCases.TC002_LoginTest - ************Statting TC_002_logintest Case******
02:20:34.958 [main] INFO  testCases.TC002_LoginTest - ************Finished TC_002_logintest Case******
